{"name": "test_registration_with_valid_data", "status": "broken", "statusDetails": {"message": "selenium.common.exceptions.TimeoutException: Message: \nStacktrace:\n\tGetHandleVerifier [0x00007FF6A2D2EEB2+31554]\n\t(No symbol) [0x00007FF6A2CA7EE9]\n\t(No symbol) [0x00007FF6A2B6872A]\n\t(No symbol) [0x00007FF6A2BB8434]\n\t(No symbol) [0x00007FF6A2BB853C]\n\t(No symbol) [0x00007FF6A2BFF6A7]\n\t(No symbol) [0x00007FF6A2BDD06F]\n\t(No symbol) [0x00007FF6A2BFC977]\n\t(No symbol) [0x00007FF6A2BDCDD3]\n\t(No symbol) [0x00007FF6A2BAA33B]\n\t(No symbol) [0x00007FF6A2BAAED1]\n\tGetHandleVerifier [0x00007FF6A3038B2D+3217341]\n\tGetHandleVerifier [0x00007FF6A3085AF3+3532675]\n\tGetHandleVerifier [0x00007FF6A307B0F0+3489152]\n\tGetHandleVerifier [0x00007FF6A2DDE786+750614]\n\t(No symbol) [0x00007FF6A2CB376F]\n\t(No symbol) [0x00007FF6A2CAEB24]\n\t(No symbol) [0x00007FF6A2CAECB2]\n\t(No symbol) [0x00007FF6A2C9E17F]\n\tBaseThreadInitThunk [0x00007FFAFBE9257D+29]\n\tRtlUserThreadStart [0x00007FFAFCB0AF28+40]", "trace": "self = <test.test_Registration.TestLogin object at 0x0000027676F7B230>\n\n    def test_registration_with_valid_data(self):\n        # Navigate to the registration page\n        wait = WebDriverWait(self.driver, 10)\n        wait.until(\n            expected_conditions.element_to_be_clickable((By.XPATH, \"//a[normalize-space()='Try it here']\"))).click()\n    \n        # Enter registration data and submit the form\n>       wait.until(expected_conditions.visibility_of_element_located((By.ID, \"signup_firstname\"))).send_keys(\n            \"TestFirstName\")\n\ntest\\test_Registration.py:27: \n_ _ _ _ _ _ _ _ _ _ _ _ _ _ _ _ _ _ _ _ _ _ _ _ _ _ _ _ _ _ _ _ _ _ _ _ _ _ _ _ _ _ _ _ _ _ _ _ _ _ _ _ _ _ _ _ _ _ _ _ _ _ _ _ _ _ _ _ _ _ _ _ _ _ _ _ _ _ _ _ _ _ _ _ _ _ _ _ _ _\n\nself = <selenium.webdriver.support.wait.WebDriverWait (session=\"f7857a28157ec79a3394b8c8c7281083\")>\nmethod = <function visibility_of_element_located.<locals>._predicate at 0x0000027676FDE2A0>, message = ''\n\n    def until(self, method: Callable[[D], Union[Literal[False], T]], message: str = \"\") -> T:\n        \"\"\"Calls the method provided with the driver as an argument until the \\\n        return value does not evaluate to ``False``.\n    \n        :param method: callable(WebDriver)\n        :param message: optional message for :exc:`TimeoutException`\n        :returns: the result of the last call to `method`\n        :raises: :exc:`selenium.common.exceptions.TimeoutException` if timeout occurs\n        \"\"\"\n        screen = None\n        stacktrace = None\n    \n        end_time = time.monotonic() + self._timeout\n        while True:\n            try:\n                value = method(self._driver)\n                if value:\n                    return value\n            except self._ignored_exceptions as exc:\n                screen = getattr(exc, \"screen\", None)\n                stacktrace = getattr(exc, \"stacktrace\", None)\n            time.sleep(self._poll)\n            if time.monotonic() > end_time:\n                break\n>       raise TimeoutException(message, screen, stacktrace)\nE       selenium.common.exceptions.TimeoutException: Message: \nE       Stacktrace:\nE       \tGetHandleVerifier [0x00007FF6A2D2EEB2+31554]\nE       \t(No symbol) [0x00007FF6A2CA7EE9]\nE       \t(No symbol) [0x00007FF6A2B6872A]\nE       \t(No symbol) [0x00007FF6A2BB8434]\nE       \t(No symbol) [0x00007FF6A2BB853C]\nE       \t(No symbol) [0x00007FF6A2BFF6A7]\nE       \t(No symbol) [0x00007FF6A2BDD06F]\nE       \t(No symbol) [0x00007FF6A2BFC977]\nE       \t(No symbol) [0x00007FF6A2BDCDD3]\nE       \t(No symbol) [0x00007FF6A2BAA33B]\nE       \t(No symbol) [0x00007FF6A2BAAED1]\nE       \tGetHandleVerifier [0x00007FF6A3038B2D+3217341]\nE       \tGetHandleVerifier [0x00007FF6A3085AF3+3532675]\nE       \tGetHandleVerifier [0x00007FF6A307B0F0+3489152]\nE       \tGetHandleVerifier [0x00007FF6A2DDE786+750614]\nE       \t(No symbol) [0x00007FF6A2CB376F]\nE       \t(No symbol) [0x00007FF6A2CAEB24]\nE       \t(No symbol) [0x00007FF6A2CAECB2]\nE       \t(No symbol) [0x00007FF6A2C9E17F]\nE       \tBaseThreadInitThunk [0x00007FFAFBE9257D+29]\nE       \tRtlUserThreadStart [0x00007FFAFCB0AF28+40]\n\n..\\..\\AppData\\Roaming\\Python\\Python312\\site-packages\\selenium\\webdriver\\support\\wait.py:105: TimeoutException"}, "start": 1721831516084, "stop": 1721831526539, "uuid": "38f0716f-232c-4f6f-a746-73d229393bfb", "historyId": "45c94e0a82a47d651e3e170b3b80928c", "testCaseId": "45c94e0a82a47d651e3e170b3b80928c", "fullName": "test.test_Registration.TestLogin#test_registration_with_valid_data", "labels": [{"name": "tag", "value": "@pytest.mark.usefixtures('setup_and_teardown', 'log_on_failure')"}, {"name": "parentSuite", "value": "test"}, {"name": "suite", "value": "test_Registration"}, {"name": "subSuite", "value": "TestLogin"}, {"name": "host", "value": "Raunak"}, {"name": "thread", "value": "33780-MainThread"}, {"name": "framework", "value": "pytest"}, {"name": "language", "value": "cpython3"}, {"name": "package", "value": "test.test_Registration"}]}