{"name": "test_verify_change_password_with_mandatory_fields", "status": "broken", "statusDetails": {"message": "selenium.common.exceptions.TimeoutException: Message: \nStacktrace:\n\tGetHandleVerifier [0x00007FF6A2D2EEB2+31554]\n\t(No symbol) [0x00007FF6A2CA7EE9]\n\t(No symbol) [0x00007FF6A2B6872A]\n\t(No symbol) [0x00007FF6A2BB8434]\n\t(No symbol) [0x00007FF6A2BB853C]\n\t(No symbol) [0x00007FF6A2BFF6A7]\n\t(No symbol) [0x00007FF6A2BDD06F]\n\t(No symbol) [0x00007FF6A2BFC977]\n\t(No symbol) [0x00007FF6A2BDCDD3]\n\t(No symbol) [0x00007FF6A2BAA33B]\n\t(No symbol) [0x00007FF6A2BAAED1]\n\tGetHandleVerifier [0x00007FF6A3038B2D+3217341]\n\tGetHandleVerifier [0x00007FF6A3085AF3+3532675]\n\tGetHandleVerifier [0x00007FF6A307B0F0+3489152]\n\tGetHandleVerifier [0x00007FF6A2DDE786+750614]\n\t(No symbol) [0x00007FF6A2CB376F]\n\t(No symbol) [0x00007FF6A2CAEB24]\n\t(No symbol) [0x00007FF6A2CAECB2]\n\t(No symbol) [0x00007FF6A2C9E17F]\n\tBaseThreadInitThunk [0x00007FFAFBE9257D+29]\n\tRtlUserThreadStart [0x00007FFAFCB0AF28+40]", "trace": "self = <test.test_ChangePassword.TestChangePassword object at 0x0000027676F79700>\n\n    def test_verify_change_password_with_mandatory_fields(self):\n        current_password = read_config(\"DEFAULT\", \"current_password\")\n    \n        # Enter valid credentials\n        self.driver.find_element(By.ID, \"login_username\").send_keys(\"naselip166@kinsef.com\")\n        self.driver.find_element(By.ID, \"login_password\").send_keys(current_password)\n    \n        # Select remember me checkbox\n        self.driver.find_element(By.ID, \"login_checkbox-input\").click()\n    \n        # Click on login submit button\n        self.driver.find_element(By.ID, \"login_submit\").click()\n    \n        # Click on settings button\n        # WebDriverWait(driver, 10).until(\n        #     expected_conditions.element_to_be_clickable((By.XPATH, \"//mat-icon[normalize-space()='settings']\"))).click()\n>       element = WebDriverWait(self.driver, 10).until(\n            expected_conditions.element_to_be_clickable((By.XPATH, \"//mat-icon[normalize-space()='settings']\")))\n\ntest\\test_ChangePassword.py:53: \n_ _ _ _ _ _ _ _ _ _ _ _ _ _ _ _ _ _ _ _ _ _ _ _ _ _ _ _ _ _ _ _ _ _ _ _ _ _ _ _ _ _ _ _ _ _ _ _ _ _ _ _ _ _ _ _ _ _ _ _ _ _ _ _ _ _ _ _ _ _ _ _ _ _ _ _ _ _ _ _ _ _ _ _ _ _ _ _ _ _\n\nself = <selenium.webdriver.support.wait.WebDriverWait (session=\"51e21ed54c4e3b455d76c362f479ccc5\")>\nmethod = <function element_to_be_clickable.<locals>._predicate at 0x0000027676F967A0>, message = ''\n\n    def until(self, method: Callable[[D], Union[Literal[False], T]], message: str = \"\") -> T:\n        \"\"\"Calls the method provided with the driver as an argument until the \\\n        return value does not evaluate to ``False``.\n    \n        :param method: callable(WebDriver)\n        :param message: optional message for :exc:`TimeoutException`\n        :returns: the result of the last call to `method`\n        :raises: :exc:`selenium.common.exceptions.TimeoutException` if timeout occurs\n        \"\"\"\n        screen = None\n        stacktrace = None\n    \n        end_time = time.monotonic() + self._timeout\n        while True:\n            try:\n                value = method(self._driver)\n                if value:\n                    return value\n            except self._ignored_exceptions as exc:\n                screen = getattr(exc, \"screen\", None)\n                stacktrace = getattr(exc, \"stacktrace\", None)\n            time.sleep(self._poll)\n            if time.monotonic() > end_time:\n                break\n>       raise TimeoutException(message, screen, stacktrace)\nE       selenium.common.exceptions.TimeoutException: Message: \nE       Stacktrace:\nE       \tGetHandleVerifier [0x00007FF6A2D2EEB2+31554]\nE       \t(No symbol) [0x00007FF6A2CA7EE9]\nE       \t(No symbol) [0x00007FF6A2B6872A]\nE       \t(No symbol) [0x00007FF6A2BB8434]\nE       \t(No symbol) [0x00007FF6A2BB853C]\nE       \t(No symbol) [0x00007FF6A2BFF6A7]\nE       \t(No symbol) [0x00007FF6A2BDD06F]\nE       \t(No symbol) [0x00007FF6A2BFC977]\nE       \t(No symbol) [0x00007FF6A2BDCDD3]\nE       \t(No symbol) [0x00007FF6A2BAA33B]\nE       \t(No symbol) [0x00007FF6A2BAAED1]\nE       \tGetHandleVerifier [0x00007FF6A3038B2D+3217341]\nE       \tGetHandleVerifier [0x00007FF6A3085AF3+3532675]\nE       \tGetHandleVerifier [0x00007FF6A307B0F0+3489152]\nE       \tGetHandleVerifier [0x00007FF6A2DDE786+750614]\nE       \t(No symbol) [0x00007FF6A2CB376F]\nE       \t(No symbol) [0x00007FF6A2CAEB24]\nE       \t(No symbol) [0x00007FF6A2CAECB2]\nE       \t(No symbol) [0x00007FF6A2C9E17F]\nE       \tBaseThreadInitThunk [0x00007FFAFBE9257D+29]\nE       \tRtlUserThreadStart [0x00007FFAFCB0AF28+40]\n\n..\\..\\AppData\\Roaming\\Python\\Python312\\site-packages\\selenium\\webdriver\\support\\wait.py:105: TimeoutException"}, "start": 1721831278829, "stop": 1721831289920, "uuid": "1063d164-788c-4ac8-b09f-50458d266585", "historyId": "5dfd665f4b7100e1b4c7a5f3536e76bd", "testCaseId": "5dfd665f4b7100e1b4c7a5f3536e76bd", "fullName": "test.test_ChangePassword.TestChangePassword#test_verify_change_password_with_mandatory_fields", "labels": [{"name": "tag", "value": "@pytest.mark.usefixtures('setup_and_teardown', 'log_on_failure')"}, {"name": "parentSuite", "value": "test"}, {"name": "suite", "value": "test_ChangePassword"}, {"name": "subSuite", "value": "TestChangePassword"}, {"name": "host", "value": "Raunak"}, {"name": "thread", "value": "33780-MainThread"}, {"name": "framework", "value": "pytest"}, {"name": "language", "value": "cpython3"}, {"name": "package", "value": "test.test_ChangePassword"}]}